[debug] [2021-08-09T08:29:59.211Z] ----------------------------------------------------------------------
[debug] [2021-08-09T08:29:59.212Z] Command:       C:\Program Files\nodejs\node.exe C:\Users\anujp\AppData\Roaming\npm\node_modules\firebase-tools\lib\bin\firebase.js init
[debug] [2021-08-09T08:29:59.213Z] CLI Version:   9.16.0
[debug] [2021-08-09T08:29:59.213Z] Platform:      win32
[debug] [2021-08-09T08:29:59.213Z] Node Version:  v14.16.0
[debug] [2021-08-09T08:29:59.214Z] Time:          Mon Aug 09 2021 13:59:59 GMT+0530 (India Standard Time)
[debug] [2021-08-09T08:29:59.214Z] ----------------------------------------------------------------------
[debug] 
[debug] [2021-08-09T08:29:59.219Z] > command requires scopes: ["email","openid","https://www.googleapis.com/auth/cloudplatformprojects.readonly","https://www.googleapis.com/auth/firebase","https://www.googleapis.com/auth/cloud-platform"]
[debug] [2021-08-09T08:29:59.220Z] > authorizing via signed-in user (csquareitus@gmail.com)
[info] 
     ######## #### ########  ######## ########     ###     ######  ########
     ##        ##  ##     ## ##       ##     ##  ##   ##  ##       ##
     ######    ##  ########  ######   ########  #########  ######  ######
     ##        ##  ##    ##  ##       ##     ## ##     ##       ## ##
     ##       #### ##     ## ######## ########  ##     ##  ######  ########

You're about to initialize a Firebase project in this directory:

  C:\Users\anujp\Documents\GitHub\crimemapping\Crime-Tracker-Web

[info] 
=== Project Setup
[info] 
[info] First, let's associate this project directory with a Firebase project.
[info] You can create multiple project aliases by running firebase use --add, 
[info] but for now we'll just set up a default project.
[info] 
[debug] [2021-08-09T08:30:03.741Z] >>> [apiv2][query] GET https://firebase.googleapis.com/v1beta1/projects pageSize=100
[debug] [2021-08-09T08:30:04.231Z] <<< [apiv2][status] GET https://firebase.googleapis.com/v1beta1/projects 200
[debug] [2021-08-09T08:30:04.231Z] <<< [apiv2][body] GET https://firebase.googleapis.com/v1beta1/projects [omitted]
[info] i  Using project crime-mapping-7610d (Crime-Mapping) 
[info] 
=== Hosting Setup
[info] 
[info] Your public directory is the folder (relative to your project directory) that
[info] will contain Hosting assets to be uploaded with firebase deploy. If you
[info] have a build process for your assets, use your build's output directory.
[info] 
[info] +  Wrote y/404.html 
[debug] [2021-08-09T08:30:23.316Z] >>> [apiv2][query] GET https://www.gstatic.com/firebasejs/releases.json [none]
[debug] [2021-08-09T08:30:23.454Z] <<< [apiv2][status] GET https://www.gstatic.com/firebasejs/releases.json 200
[debug] [2021-08-09T08:30:23.454Z] <<< [apiv2][body] GET https://www.gstatic.com/firebasejs/releases.json {"current":{"version":"8.9.0","browserURL":"https://www.gstatic.com/firebasejs/8.9.0/firebase.js","packageURL":"https://www.gstatic.com/firebasejs/8.9.0/firebase.tgz"},"live":{"version":"8.9","browserURL":"https://www.gstatic.com/firebasejs/live/8.9/firebase.js","packageURL":"https://www.gstatic.com/firebasejs/live/8.9/firebase.tgz"},"components":{"analytics":"https://www.gstatic.com/firebasejs/8.9.0/firebase-analytics.js","app":"https://www.gstatic.com/firebasejs/8.9.0/firebase-app.js","app-check":"https://www.gstatic.com/firebasejs/8.9.0/firebase-app-check.js","auth":"https://www.gstatic.com/firebasejs/8.9.0/firebase-auth.js","database":"https://www.gstatic.com/firebasejs/8.9.0/firebase-database.js","firestore":"https://www.gstatic.com/firebasejs/8.9.0/firebase-firestore.js","functions":"https://www.gstatic.com/firebasejs/8.9.0/firebase-functions.js","installations":"https://www.gstatic.com/firebasejs/8.9.0/firebase-installations.js","messaging":"https://www.gstatic.com/firebasejs/8.9.0/firebase-messaging.js","storage":"https://www.gstatic.com/firebasejs/8.9.0/firebase-storage.js","performance":"https://www.gstatic.com/firebasejs/8.9.0/firebase-performance.js","remote-config":"https://www.gstatic.com/firebasejs/8.9.0/firebase-remote-config.js","firestore.memory":"https://www.gstatic.com/firebasejs/8.9.0/firebase-firestore.memory.js"}}
[info] +  Wrote y/index.html 
[info] 
[info] i  Detected a .git folder at C:\Users\anujp\Documents\GitHub\crimemapping\Crime-Tracker-Web 
[info] i  Authorizing with GitHub to upload your service account to a GitHub repository's secrets store. 
[info] 
[info] Visit this URL on this device to log in:
[info] https://github.com/login/oauth/authorize?client_id=89cf50f02ac6aaed3484&state=67757407&redirect_uri=http%3A%2F%2Flocalhost%3A9005&scope=read%3Auser%20repo%20public_repo
[info] 
[info] Waiting for authentication...
[debug] [2021-08-09T08:32:06.131Z] >>> HTTP REQUEST POST https://github.com/login/oauth/access_token  
 {"client_id":"89cf50f02ac6aaed3484","client_secret":"3330d14abc895d9a74d5f17cd7a00711fa2c5bf0","code":"6448030955634d520d65","redirect_uri":"http://localhost:9005","state":"67757407"}
[debug] [2021-08-09T08:32:06.425Z] <<< HTTP RESPONSE 200 {"server":"GitHub.com","date":"Mon, 09 Aug 2021 08:32:06 GMT","content-type":"application/json; charset=utf-8","transfer-encoding":"chunked","vary":"X-PJAX, Accept-Encoding, Accept, X-Requested-With","permissions-policy":"interest-cohort=()","etag":"W/\"f9a47c3c2e8689c1aac691ebb6a47498\"","cache-control":"max-age=0, private, must-revalidate","strict-transport-security":"max-age=31536000; includeSubdomains; preload","x-frame-options":"deny","x-content-type-options":"nosniff","x-xss-protection":"0","referrer-policy":"origin-when-cross-origin, strict-origin-when-cross-origin","expect-ct":"max-age=2592000, report-uri=\"https://api.github.com/_private/browser/errors\"","content-security-policy":"default-src 'none'; base-uri 'self'; block-all-mixed-content; connect-src 'self' uploads.github.com www.githubstatus.com collector.githubapp.com api.github.com github-cloud.s3.amazonaws.com github-production-repository-file-5c1aeb.s3.amazonaws.com github-production-upload-manifest-file-7fdce7.s3.amazonaws.com github-production-user-asset-6210df.s3.amazonaws.com cdn.optimizely.com logx.optimizely.com/v1/events translator.github.com wss://alive.github.com; font-src github.githubassets.com; form-action 'self' github.com gist.github.com; frame-ancestors 'none'; frame-src render.githubusercontent.com render-temp.githubusercontent.com viewscreen.githubusercontent.com; img-src 'self' data: github.githubassets.com identicons.github.com collector.githubapp.com github-cloud.s3.amazonaws.com secured-user-images.githubusercontent.com/ *.githubusercontent.com; manifest-src 'self'; media-src 'none'; script-src github.githubassets.com; style-src 'unsafe-inline' github.githubassets.com; worker-src github.com/socket-worker-3f088aa2.js gist.github.com/socket-worker-3f088aa2.js","x-github-request-id":"C3C1:6090:13D738E:16301F3:6110E806"}
[debug] [2021-08-09T08:32:06.427Z] >>> [apiv2][query] GET https://api.github.com/user [none]
[debug] [2021-08-09T08:32:06.732Z] <<< [apiv2][status] GET https://api.github.com/user 200
[debug] [2021-08-09T08:32:06.732Z] <<< [apiv2][body] GET https://api.github.com/user {"login":"bapuz","id":63535089,"node_id":"MDQ6VXNlcjYzNTM1MDg5","avatar_url":"https://avatars.githubusercontent.com/u/63535089?v=4","gravatar_id":"","url":"https://api.github.com/users/bapuz","html_url":"https://github.com/bapuz","followers_url":"https://api.github.com/users/bapuz/followers","following_url":"https://api.github.com/users/bapuz/following{/other_user}","gists_url":"https://api.github.com/users/bapuz/gists{/gist_id}","starred_url":"https://api.github.com/users/bapuz/starred{/owner}{/repo}","subscriptions_url":"https://api.github.com/users/bapuz/subscriptions","organizations_url":"https://api.github.com/users/bapuz/orgs","repos_url":"https://api.github.com/users/bapuz/repos","events_url":"https://api.github.com/users/bapuz/events{/privacy}","received_events_url":"https://api.github.com/users/bapuz/received_events","type":"User","site_admin":false,"name":null,"company":null,"blog":"","location":null,"email":null,"hireable":null,"bio":"AnujPatil","twitter_username":null,"public_repos":8,"public_gists":0,"followers":6,"following":11,"created_at":"2020-04-12T07:39:24Z","updated_at":"2021-08-09T08:32:06Z","private_gists":0,"total_private_repos":2,"owned_private_repos":2,"disk_usage":13369,"collaborators":0,"two_factor_authentication":false,"plan":{"name":"pro","space":976562499,"collaborators":0,"private_repos":9999}}
[info] 
[info] +  Success! Logged into GitHub as bapuz 
[info] 
[debug] [2021-08-09T08:32:44.791Z] >>> [apiv2][query] GET https://api.github.com/repos/Kaustubh0204/Crime-Tracker-Web/actions/secrets/public-key type=owner
[debug] [2021-08-09T08:32:45.042Z] <<< [apiv2][status] GET https://api.github.com/repos/Kaustubh0204/Crime-Tracker-Web/actions/secrets/public-key 403
[debug] [2021-08-09T08:32:45.042Z] <<< [apiv2][body] GET https://api.github.com/repos/Kaustubh0204/Crime-Tracker-Web/actions/secrets/public-key {"message":"Must have admin rights to Repository.","documentation_url":"https://docs.github.com/rest/reference/actions#get-a-repository-public-key"}
[info] 
[info] 
[error] !  The provided authorization cannot be used with this repository. If this repository is in an organization, did you remember to grant access? 
[info] 
[info] i  Action required: Visit this URL to ensure access has been granted to the appropriate organization(s) for the Firebase CLI GitHub OAuth App: 
[info] https://github.com/settings/connections/applications/89cf50f02ac6aaed3484
[info] 
